<?xml version="1.0" encoding="UTF-8"?>
<testng-results skipped="0" failed="0" total="2" passed="2">
  <reporter-output>
  </reporter-output>
  <suite name="Suite" duration-ms="35498" started-at="2020-07-22T10:41:35Z" finished-at="2020-07-22T10:42:10Z">
    <groups>
      <group name="cucumber">
        <method signature="TestRunner.feature(cucumber.api.testng.CucumberFeatureWrapper)[pri:0, instance:com.cucumberFramework.testRunner.TestRunner@59a6e353]" name="feature" class="com.cucumberFramework.testRunner.TestRunner"/>
      </group> <!-- cucumber -->
    </groups>
    <test name="Test" duration-ms="35498" started-at="2020-07-22T10:41:35Z" finished-at="2020-07-22T10:42:10Z">
      <class name="com.cucumberFramework.testRunner.TestRunner">
        <test-method status="PASS" signature="setUpClass()[pri:0, instance:com.cucumberFramework.testRunner.TestRunner@59a6e353]" name="setUpClass" is-config="true" duration-ms="534" started-at="2020-07-22T16:11:35Z" finished-at="2020-07-22T16:11:36Z">
          <reporter-output>
          </reporter-output>
        </test-method> <!-- setUpClass -->
        <test-method status="PASS" signature="feature(cucumber.api.testng.CucumberFeatureWrapper)[pri:0, instance:com.cucumberFramework.testRunner.TestRunner@59a6e353]" name="feature" duration-ms="15636" started-at="2020-07-22T16:11:36Z" description="Runs cucmber Features" data-provider="features" finished-at="2020-07-22T16:11:51Z">
          <params>
            <param index="0">
              <value>
                <![CDATA[As a Stackover user I shouldnot able to login with In-valid credentials and error message should display]]>
              </value>
            </param>
          </params>
          <reporter-output>
          </reporter-output>
        </test-method> <!-- feature -->
        <test-method status="PASS" signature="feature(cucumber.api.testng.CucumberFeatureWrapper)[pri:0, instance:com.cucumberFramework.testRunner.TestRunner@59a6e353]" name="feature" duration-ms="18053" started-at="2020-07-22T16:11:51Z" description="Runs cucmber Features" data-provider="features" finished-at="2020-07-22T16:12:09Z">
          <params>
            <param index="0">
              <value>
                <![CDATA[As a Stackover user I should be able to login and logout with valid credentials]]>
              </value>
            </param>
          </params>
          <reporter-output>
          </reporter-output>
        </test-method> <!-- feature -->
        <test-method status="PASS" signature="testDownClass()[pri:0, instance:com.cucumberFramework.testRunner.TestRunner@59a6e353]" name="testDownClass" is-config="true" duration-ms="1166" started-at="2020-07-22T16:12:09Z" finished-at="2020-07-22T16:12:10Z">
          <reporter-output>
          </reporter-output>
        </test-method> <!-- testDownClass -->
      </class> <!-- com.cucumberFramework.testRunner.TestRunner -->
    </test> <!-- Test -->
  </suite> <!-- Suite -->
</testng-results>
